<?xml version="1.0" encoding="UTF-8"?>
<!-- Generated by org.testng.reporters.JUnitReportReporter -->
<testsuite hostname="DESKTOP-4T13P6B" failures="0" tests="1" name="com.vtiger.campaignTest.CreateCampaignWithProductTest" time="29.892" errors="0" timestamp="31 May 2022 06:02:39 GMT" skipped="0">
  <testcase classname="com.vtiger.campaignTest.CreateCampaignWithProductTest" name="createCampaignWithProductTest" time="29.892"/>
</testsuite> <!-- com.vtiger.campaignTest.CreateCampaignWithProductTest -->
