<?xml version="1.0" encoding="UTF-8"?>
<!-- Generated by org.testng.reporters.JUnitReportReporter -->
<testsuite hostname="DESKTOP-4T13P6B" failures="0" tests="1" name="com.vtiger.productTest.CreateProductTest" time="24.557" errors="0" timestamp="31 May 2022 06:03:27 GMT" skipped="0">
  <testcase classname="com.vtiger.productTest.CreateProductTest" name="createProductTest" time="24.557"/>
</testsuite> <!-- com.vtiger.productTest.CreateProductTest -->
