<?xml version="1.0" encoding="UTF-8"?>
<!-- Generated by org.testng.reporters.JUnitReportReporter -->
<testsuite hostname="DESKTOP-4T13P6B" failures="0" tests="1" name="com.vtiger.campaignTest.CreateCampaignTest" time="20.081" errors="0" timestamp="31 May 2022 06:00:54 GMT" skipped="0">
  <testcase classname="com.vtiger.campaignTest.CreateCampaignTest" name="createCampaignTest" time="20.081"/>
</testsuite> <!-- com.vtiger.campaignTest.CreateCampaignTest -->
